# JRE version: Java(TM) SE Runtime Environment (8.0_45-b14) (build 1.8.0_45-b14)
# Java VM: Java HotSpot(TM) 64-Bit Server VM (25.45-b02 mixed mode windows-amd64 compressed oops)
Heap:
 PSYoungGen      total 67584K, used 3870K [0x00000000eb600000, 0x00000000f0000000, 0x0000000100000000)
  eden space 61440K, 6% used [0x00000000eb600000,0x00000000eb9c7a20,0x00000000ef200000)
  from space 6144K, 0% used [0x00000000efa00000,0x00000000efa00000,0x00000000f0000000)
  to   space 7168K, 0% used [0x00000000ef200000,0x00000000ef200000,0x00000000ef900000)
 ParOldGen       total 25600K, used 9656K [0x00000000c2200000, 0x00000000c3b00000, 0x00000000eb600000)
  object space 25600K, 37% used [0x00000000c2200000,0x00000000c2b6e380,0x00000000c3b00000)
 Metaspace       used 29947K, capacity 30242K, committed 30640K, reserved 1085440K
  class space    used 3520K, capacity 3625K, committed 3760K, reserved 1048576K
GC Heap History (10 events):
Event: 62.374 GC heap before
{Heap before GC invocations=25 (full 9):
 PSYoungGen      total 67584K, used 504K [0x00000000eb600000, 0x00000000f0000000, 0x0000000100000000)
  eden space 61440K, 0% used [0x00000000eb600000,0x00000000eb600000,0x00000000ef200000)
  from space 6144K, 8% used [0x00000000efa00000,0x00000000efa7e338,0x00000000f0000000)
  to   space 7168K, 0% used [0x00000000ef200000,0x00000000ef200000,0x00000000ef900000)
 ParOldGen       total 25600K, used 9847K [0x00000000c2200000, 0x00000000c3b00000, 0x00000000eb600000)
  object space 25600K, 38% used [0x00000000c2200000,0x00000000c2b9dfd8,0x00000000c3b00000)
 Metaspace       used 29568K, capacity 29794K, committed 30000K, reserved 1085440K
  class space    used 3464K, capacity 3561K, committed 3632K, reserved 1048576K
Event: 62.419 GC heap after
Heap after GC invocations=25 (full 9):
 PSYoungGen      total 67584K, used 0K [0x00000000eb600000, 0x00000000f0000000, 0x0000000100000000)
  eden space 61440K, 0% used [0x00000000eb600000,0x00000000eb600000,0x00000000ef200000)
  from space 6144K, 0% used [0x00000000efa00000,0x00000000efa00000,0x00000000f0000000)
  to   space 7168K, 0% used [0x00000000ef200000,0x00000000ef200000,0x00000000ef900000)
 ParOldGen       total 25600K, used 9859K [0x00000000c2200000, 0x00000000c3b00000, 0x00000000eb600000)
  object space 25600K, 38% used [0x00000000c2200000,0x00000000c2ba0e20,0x00000000c3b00000)
 Metaspace       used 29568K, capacity 29794K, committed 30000K, reserved 1083392K
  class space    used 3464K, capacity 3561K, committed 3632K, reserved 1048576K
}
Event: 62.420 GC heap before
{Heap before GC invocations=26 (full 9):
 PSYoungGen      total 67584K, used 0K [0x00000000eb600000, 0x00000000f0000000, 0x0000000100000000)
  eden space 61440K, 0% used [0x00000000eb600000,0x00000000eb600000,0x00000000ef200000)
  from space 6144K, 0% used [0x00000000efa00000,0x00000000efa00000,0x00000000f0000000)
  to   space 7168K, 0% used [0x00000000ef200000,0x00000000ef200000,0x00000000ef900000)
 ParOldGen       total 25600K, used 9859K [0x00000000c2200000, 0x00000000c3b00000, 0x00000000eb600000)
  object space 25600K, 38% used [0x00000000c2200000,0x00000000c2ba0e20,0x00000000c3b00000)
 Metaspace       used 29568K, capacity 29794K, committed 30000K, reserved 1087488K
  class space    used 3464K, capacity 3561K, committed 3632K, reserved 1048576K
Event: 62.422 GC heap after
Heap after GC invocations=26 (full 9):
 PSYoungGen      total 68608K, used 0K [0x00000000eb600000, 0x00000000f0000000, 0x0000000100000000)
  eden space 61440K, 0% used [0x00000000eb600000,0x00000000eb600000,0x00000000ef200000)
  from space 7168K, 0% used [0x00000000ef200000,0x00000000ef200000,0x00000000ef900000)
  to   space 6144K, 0% used [0x00000000efa00000,0x00000000efa00000,0x00000000f0000000)
 ParOldGen       total 25600K, used 9859K [0x00000000c2200000, 0x00000000c3b00000, 0x00000000eb600000)
  object space 25600K, 38% used [0x00000000c2200000,0x00000000c2ba0e20,0x00000000c3b00000)
 Metaspace       used 29568K, capacity 29794K, committed 30000K, reserved 1087488K
  class space    used 3464K, capacity 3561K, committed 3632K, reserved 1048576K
}
Event: 62.422 GC heap before
{Heap before GC invocations=27 (full 10):
 PSYoungGen      total 68608K, used 0K [0x00000000eb600000, 0x00000000f0000000, 0x0000000100000000)
  eden space 61440K, 0% used [0x00000000eb600000,0x00000000eb600000,0x00000000ef200000)
  from space 7168K, 0% used [0x00000000ef200000,0x00000000ef200000,0x00000000ef900000)
  to   space 6144K, 0% used [0x00000000efa00000,0x00000000efa00000,0x00000000f0000000)
 ParOldGen       total 25600K, used 9859K [0x00000000c2200000, 0x00000000c3b00000, 0x00000000eb600000)
  object space 25600K, 38% used [0x00000000c2200000,0x00000000c2ba0e20,0x00000000c3b00000)
 Metaspace       used 29568K, capacity 29794K, committed 30000K, reserved 1087488K
  class space    used 3464K, capacity 3561K, committed 3632K, reserved 1048576K
Event: 62.467 GC heap after
Heap after GC invocations=27 (full 10):
 PSYoungGen      total 68608K, used 0K [0x00000000eb600000, 0x00000000f0000000, 0x0000000100000000)
  eden space 61440K, 0% used [0x00000000eb600000,0x00000000eb600000,0x00000000ef200000)
  from space 7168K, 0% used [0x00000000ef200000,0x00000000ef200000,0x00000000ef900000)
  to   space 6144K, 0% used [0x00000000efa00000,0x00000000efa00000,0x00000000f0000000)
 ParOldGen       total 25600K, used 9659K [0x00000000c2200000, 0x00000000c3b00000, 0x00000000eb600000)
  object space 25600K, 37% used [0x00000000c2200000,0x00000000c2b6ed38,0x00000000c3b00000)
 Metaspace       used 29568K, capacity 29794K, committed 30000K, reserved 1083392K
  class space    used 3464K, capacity 3561K, committed 3632K, reserved 1048576K
}
Event: 62.467 GC heap before
{Heap before GC invocations=28 (full 10):
 PSYoungGen      total 68608K, used 0K [0x00000000eb600000, 0x00000000f0000000, 0x0000000100000000)
  eden space 61440K, 0% used [0x00000000eb600000,0x00000000eb600000,0x00000000ef200000)
  from space 7168K, 0% used [0x00000000ef200000,0x00000000ef200000,0x00000000ef900000)
  to   space 6144K, 0% used [0x00000000efa00000,0x00000000efa00000,0x00000000f0000000)
 ParOldGen       total 25600K, used 9659K [0x00000000c2200000, 0x00000000c3b00000, 0x00000000eb600000)
  object space 25600K, 37% used [0x00000000c2200000,0x00000000c2b6ed38,0x00000000c3b00000)
 Metaspace       used 29568K, capacity 29794K, committed 30000K, reserved 1087488K
  class space    used 3464K, capacity 3561K, committed 3632K, reserved 1048576K
Event: 62.469 GC heap after
Heap after GC invocations=28 (full 10):
 PSYoungGen      total 67584K, used 0K [0x00000000eb600000, 0x00000000f0000000, 0x0000000100000000)
  eden space 61440K, 0% used [0x00000000eb600000,0x00000000eb600000,0x00000000ef200000)
  from space 6144K, 0% used [0x00000000efa00000,0x00000000efa00000,0x00000000f0000000)
  to   space 7168K, 0% used [0x00000000ef200000,0x00000000ef200000,0x00000000ef900000)
 ParOldGen       total 25600K, used 9659K [0x00000000c2200000, 0x00000000c3b00000, 0x00000000eb600000)
  object space 25600K, 37% used [0x00000000c2200000,0x00000000c2b6ed38,0x00000000c3b00000)
 Metaspace       used 29568K, capacity 29794K, committed 30000K, reserved 1087488K
  class space    used 3464K, capacity 3561K, committed 3632K, reserved 1048576K
}
Event: 62.469 GC heap before
{Heap before GC invocations=29 (full 11):
 PSYoungGen      total 67584K, used 0K [0x00000000eb600000, 0x00000000f0000000, 0x0000000100000000)
  eden space 61440K, 0% used [0x00000000eb600000,0x00000000eb600000,0x00000000ef200000)
  from space 6144K, 0% used [0x00000000efa00000,0x00000000efa00000,0x00000000f0000000)
  to   space 7168K, 0% used [0x00000000ef200000,0x00000000ef200000,0x00000000ef900000)
 ParOldGen       total 25600K, used 9659K [0x00000000c2200000, 0x00000000c3b00000, 0x00000000eb600000)
  object space 25600K, 37% used [0x00000000c2200000,0x00000000c2b6ed38,0x00000000c3b00000)
 Metaspace       used 29568K, capacity 29794K, committed 30000K, reserved 1087488K
  class space    used 3464K, capacity 3561K, committed 3632K, reserved 1048576K
Event: 62.567 GC heap after
Heap after GC invocations=29 (full 11):
 PSYoungGen      total 67584K, used 0K [0x00000000eb600000, 0x00000000f0000000, 0x0000000100000000)
  eden space 61440K, 0% used [0x00000000eb600000,0x00000000eb600000,0x00000000ef200000)
  from space 6144K, 0% used [0x00000000efa00000,0x00000000efa00000,0x00000000f0000000)
  to   space 7168K, 0% used [0x00000000ef200000,0x00000000ef200000,0x00000000ef900000)
 ParOldGen       total 25600K, used 9656K [0x00000000c2200000, 0x00000000c3b00000, 0x00000000eb600000)
  object space 25600K, 37% used [0x00000000c2200000,0x00000000c2b6e380,0x00000000c3b00000)
 Metaspace       used 29568K, capacity 29794K, committed 30000K, reserved 1083392K
  class space    used 3464K, capacity 3561K, committed 3632K, reserved 1048576K
}

